#
# There is insufficient memory for the Java Runtime Environment to continue.
# Native memory allocation (malloc) failed to allocate 2209616 bytes for Chunk::new
# Possible reasons:
#   The system is out of physical RAM or swap space
#   In 32 bit mode, the process size limit was hit
# Possible solutions:
#   Reduce memory load on the system
#   Increase physical memory or swap space
#   Check if swap backing store is full
#   Use 64 bit Java on a 64 bit OS
#   Decrease Java heap size (-Xmx/-Xms)
#   Decrease number of Java threads
#   Decrease Java thread stack sizes (-Xss)
#   Set larger code cache with -XX:ReservedCodeCacheSize=
# This output file may be truncated or incomplete.
#
#  Out of Memory Error (allocation.cpp:390), pid=8324, tid=0x00000000000024a4
#
# JRE version: OpenJDK Runtime Environment (8.0_152-b01) (build 1.8.0_152-release-915-b01)
# Java VM: OpenJDK 64-Bit Server VM (25.152-b01 mixed mode windows-amd64 compressed oops)
# Failed to write core dump. Minidumps are not enabled by default on client versions of Windows
#

---------------  T H R E A D  ---------------

Current thread (0x00000000181be000):  JavaThread "C2 CompilerThread1" daemon [_thread_in_native, id=9380, stack(0x0000000019810000,0x0000000019910000)]

Stack: [0x0000000019810000,0x0000000019910000]
[error occurred during error reporting (printing stack bounds), id 0xc0000005]

Native frames: (J=compiled Java code, j=interpreted, Vv=VM code, C=native code)


Current CompileTask:
C2:  53731 8568       4       org.gradle.model.internal.type.ModelType::wrap (219 bytes)


---------------  P R O C E S S  ---------------

Java Threads: ( => current thread )
  0x000000001feb0800 JavaThread "ForkJoinPool.commonPool-worker-12" daemon [_thread_blocked, id=10040, stack(0x000000002f8b0000,0x000000002f9b0000)]
  0x000000001bb58000 JavaThread "Memory manager" [_thread_blocked, id=5168, stack(0x0000000022800000,0x0000000022900000)]
  0x000000001bb56000 JavaThread "build operations Thread 4" [_thread_blocked, id=1996, stack(0x0000000022300000,0x0000000022400000)]
  0x000000001bb55000 JavaThread "build operations Thread 3" [_thread_blocked, id=7184, stack(0x0000000022200000,0x0000000022300000)]
  0x000000001bb59000 JavaThread "build operations Thread 2" [_thread_blocked, id=5980, stack(0x0000000022100000,0x0000000022200000)]
  0x000000001bb53800 JavaThread "build operations" [_thread_blocked, id=9532, stack(0x0000000020990000,0x0000000020a90000)]
  0x000000001bb57800 JavaThread "Cache worker for Artifact transforms cache (C:\Users\Konstantinos\.gradle\caches\transforms-1)" [_thread_blocked, id=7944, stack(0x00000000203c0000,0x00000000204c0000)]
  0x000000001b7f6800 JavaThread "Cache worker for file hash cache (C:\Users\Konstantinos\AndroidStudioProjects\QuizApp\.gradle\4.1\fileHashes)" [_thread_blocked, id=5532, stack(0x000000001dd70000,0x000000001de70000)]
  0x000000001afcd800 JavaThread "File lock request listener" [_thread_in_native, id=5232, stack(0x000000001da70000,0x000000001db70000)]
  0x000000001a219000 JavaThread "Cache worker for file hash cache (C:\Users\Konstantinos\.gradle\caches\4.1\fileHashes)" [_thread_blocked, id=5008, stack(0x000000001d970000,0x000000001da70000)]
  0x000000001b2f3000 JavaThread "Stdin handler" [_thread_blocked, id=6000, stack(0x000000001d870000,0x000000001d970000)]
  0x000000001b2f2800 JavaThread "Asynchronous log dispatcher for DefaultDaemonConnection: socket connection from /127.0.0.1:53157 to /127.0.0.1:53158" [_thread_blocked, id=2748, stack(0x000000001d770000,0x000000001d870000)]
  0x000000001ad3a000 JavaThread "Daemon worker" [_thread_in_native, id=1584, stack(0x000000001d670000,0x000000001d770000)]
  0x000000001ad38000 JavaThread "Cancel handler" [_thread_blocked, id=9716, stack(0x000000001d570000,0x000000001d670000)]
  0x000000001b54f800 JavaThread "Handler for socket connection from /127.0.0.1:53157 to /127.0.0.1:53158" [_thread_in_native, id=2060, stack(0x000000001d270000,0x000000001d370000)]
  0x000000001b17a000 JavaThread "Daemon" [_thread_blocked, id=3344, stack(0x000000001d170000,0x000000001d270000)]
  0x000000001a969000 JavaThread "Daemon periodic checks" [_thread_blocked, id=6728, stack(0x000000001d070000,0x000000001d170000)]
  0x000000001adbc000 JavaThread "Incoming local TCP Connector on port 53157" [_thread_in_native, id=1344, stack(0x000000001ce30000,0x000000001cf30000)]
  0x000000001821e800 JavaThread "Service Thread" daemon [_thread_blocked, id=7108, stack(0x0000000019e10000,0x0000000019f10000)]
  0x00000000181c9000 JavaThread "C1 CompilerThread2" daemon [_thread_blocked, id=1268, stack(0x0000000019910000,0x0000000019a10000)]
=>0x00000000181be000 JavaThread "C2 CompilerThread1" daemon [_thread_in_native, id=9380, stack(0x0000000019810000,0x0000000019910000)]
  0x00000000181bc800 JavaThread "C2 CompilerThread0" daemon [_thread_blocked, id=7884, stack(0x0000000019710000,0x0000000019810000)]
  0x00000000181c8000 JavaThread "Attach Listener" daemon [_thread_blocked, id=9084, stack(0x0000000019610000,0x0000000019710000)]
  0x00000000181c7000 JavaThread "Signal Dispatcher" daemon [_thread_blocked, id=2644, stack(0x0000000019510000,0x0000000019610000)]
  0x00000000181a8800 JavaThread "Finalizer" daemon [_thread_blocked, id=9448, stack(0x0000000019410000,0x0000000019510000)]
  0x0000000004742800 JavaThread "Reference Handler" daemon [_thread_blocked, id=9952, stack(0x0000000019310000,0x0000000019410000)]
  0x000000000484d800 JavaThread "main" [_thread_blocked, id=5708, stack(0x0000000002d80000,0x0000000002e80000)]

Other Threads:
  0x0000000018185000 VMThread [stack: 0x0000000019210000,0x0000000019310000] [id=3484]
  0x0000000019a3a800 WatcherThread [stack: 0x0000000019f10000,0x000000001a010000] [id=8304]

VM state:not at safepoint (normal execution)

VM Mutex/Monitor currently owned by a thread: None

Heap:
 PSYoungGen      total 218624K, used 17619K [0x00000000e0000000, 0x00000000eee80000, 0x0000000100000000)
  eden space 194048K, 9% used [0x00000000e0000000,0x00000000e1134fc0,0x00000000ebd80000)
  from space 24576K, 0% used [0x00000000ed680000,0x00000000ed680000,0x00000000eee80000)
  to   space 25088K, 0% used [0x00000000ebd80000,0x00000000ebd80000,0x00000000ed600000)
 ParOldGen       total 162304K, used 31522K [0x00000000a0000000, 0x00000000a9e80000, 0x00000000e0000000)
  object space 162304K, 19% used [0x00000000a0000000,0x00000000a1ec8b00,0x00000000a9e80000)
 Metaspace       used 58258K, capacity 60360K, committed 60632K, reserved 1101824K
  class space    used 7891K, capacity 8353K, committed 8448K, reserved 1048576K

Card table byte_map: [0x0000000013c10000,0x0000000013f20000] byte_map_base: 0x0000000013710000

Marking Bits: (ParMarkBitMap*) 0x0000000071ee3950
 Begin Bits: [0x0000000014520000, 0x0000000015d20000)
 End Bits:   [0x0000000015d20000, 0x0000000017520000)

Polling page: 0x0000000002a10000

CodeCache: size=245760Kb used=23340Kb max_used=23344Kb free=222419Kb
 bounds [0x0000000004850000, 0x0000000005f40000, 0x0000000013850000]
 total_blobs=8129 nmethods=7333 adapters=708
 compilation: enabled

Compilation events (10 events):
Event: 53.649 Thread 0x00000000181c9000 nmethod 8668 0x0000000005f31390 code [0x0000000005f31540, 0x0000000005f31b28]
Event: 53.649 Thread 0x00000000181c9000 8664       3       com.google.protobuf.CodedOutputStream::writeInt64 (7 bytes)
Event: 53.649 Thread 0x00000000181c9000 nmethod 8664 0x0000000005f34990 code [0x0000000005f34b00, 0x0000000005f34d08]
Event: 53.649 Thread 0x00000000181c9000 8670       3       com.google.protobuf.CodedOutputStream$OutputStreamEncoder::writeTag (10 bytes)
Event: 53.649 Thread 0x00000000181bc800 nmethod 8671 0x0000000005f34dd0 code [0x0000000005f34f00, 0x0000000005f34f78]
Event: 53.650 Thread 0x00000000181c9000 nmethod 8670 0x0000000005f34090 code [0x0000000005f34220, 0x0000000005f34758]
Event: 53.650 Thread 0x00000000181c9000 8672       3       com.google.protobuf.CodedOutputStream$OutputStreamEncoder::writeInt32 (18 bytes)
Event: 53.650 Thread 0x00000000181c9000 nmethod 8672 0x0000000005f33450 code [0x0000000005f33620, 0x0000000005f33df8]
Event: 53.650 Thread 0x00000000181c9000 8673       3       com.google.protobuf.CodedOutputStream$AbstractBufferedEncoder::bufferInt32NoTag (19 bytes)
Event: 53.650 Thread 0x00000000181c9000 nmethod 8673 0x0000000005f32f10 code [0x0000000005f33080, 0x0000000005f33398]

GC Heap History (10 events):
Event: 11.774 GC heap before
{Heap before GC invocations=13 (full 2):
 PSYoungGen      total 160768K, used 159006K [0x00000000e0000000, 0x00000000eb980000, 0x0000000100000000)
  eden space 147456K, 98% used [0x00000000e0000000,0x00000000e8e47ee0,0x00000000e9000000)
  from space 13312K, 99% used [0x00000000ea080000,0x00000000ead7fbd8,0x00000000ead80000)
  to   space 16896K, 0% used [0x00000000e9000000,0x00000000e9000000,0x00000000ea080000)
 ParOldGen       total 106496K, used 21587K [0x00000000a0000000, 0x00000000a6800000, 0x00000000e0000000)
  object space 106496K, 20% used [0x00000000a0000000,0x00000000a1514da8,0x00000000a6800000)
 Metaspace       used 55849K, capacity 57876K, committed 57944K, reserved 1099776K
  class space    used 7557K, capacity 8041K, committed 8064K, reserved 1048576K
Event: 11.790 GC heap after
Heap after GC invocations=13 (full 2):
 PSYoungGen      total 164352K, used 16869K [0x00000000e0000000, 0x00000000ed700000, 0x0000000100000000)
  eden space 147456K, 0% used [0x00000000e0000000,0x00000000e0000000,0x00000000e9000000)
  from space 16896K, 99% used [0x00000000e9000000,0x00000000ea079760,0x00000000ea080000)
  to   space 22528K, 0% used [0x00000000ec100000,0x00000000ec100000,0x00000000ed700000)
 ParOldGen       total 106496K, used 31793K [0x00000000a0000000, 0x00000000a6800000, 0x00000000e0000000)
  object space 106496K, 29% used [0x00000000a0000000,0x00000000a1f0c7f0,0x00000000a6800000)
 Metaspace       used 55849K, capacity 57876K, committed 57944K, reserved 1099776K
  class space    used 7557K, capacity 8041K, committed 8064K, reserved 1048576K
}
Event: 45.659 GC heap before
{Heap before GC invocations=14 (full 2):
 PSYoungGen      total 164352K, used 163725K [0x00000000e0000000, 0x00000000ed700000, 0x0000000100000000)
  eden space 147456K, 99% used [0x00000000e0000000,0x00000000e8f69f00,0x00000000e9000000)
  from space 16896K, 99% used [0x00000000e9000000,0x00000000ea079760,0x00000000ea080000)
  to   space 22528K, 0% used [0x00000000ec100000,0x00000000ec100000,0x00000000ed700000)
 ParOldGen       total 106496K, used 31793K [0x00000000a0000000, 0x00000000a6800000, 0x00000000e0000000)
  object space 106496K, 29% used [0x00000000a0000000,0x00000000a1f0c7f0,0x00000000a6800000)
 Metaspace       used 56469K, capacity 58592K, committed 58840K, reserved 1099776K
  class space    used 7620K, capacity 8107K, committed 8192K, reserved 1048576K
Event: 45.675 GC heap after
Heap after GC invocations=14 (full 2):
 PSYoungGen      total 191488K, used 19544K [0x00000000e0000000, 0x00000000ed600000, 0x0000000100000000)
  eden space 169984K, 0% used [0x00000000e0000000,0x00000000e0000000,0x00000000ea600000)
  from space 21504K, 90% used [0x00000000ec100000,0x00000000ed416100,0x00000000ed600000)
  to   space 24576K, 0% used [0x00000000ea600000,0x00000000ea600000,0x00000000ebe00000)
 ParOldGen       total 106496K, used 31801K [0x00000000a0000000, 0x00000000a6800000, 0x00000000e0000000)
  object space 106496K, 29% used [0x00000000a0000000,0x00000000a1f0e7f0,0x00000000a6800000)
 Metaspace       used 56469K, capacity 58592K, committed 58840K, reserved 1099776K
  class space    used 7620K, capacity 8107K, committed 8192K, reserved 1048576K
}
Event: 50.167 GC heap before
{Heap before GC invocations=15 (full 2):
 PSYoungGen      total 191488K, used 189194K [0x00000000e0000000, 0x00000000ed600000, 0x0000000100000000)
  eden space 169984K, 99% used [0x00000000e0000000,0x00000000ea5ac740,0x00000000ea600000)
  from space 21504K, 90% used [0x00000000ec100000,0x00000000ed416100,0x00000000ed600000)
  to   space 24576K, 0% used [0x00000000ea600000,0x00000000ea600000,0x00000000ebe00000)
 ParOldGen       total 106496K, used 31801K [0x00000000a0000000, 0x00000000a6800000, 0x00000000e0000000)
  object space 106496K, 29% used [0x00000000a0000000,0x00000000a1f0e7f0,0x00000000a6800000)
 Metaspace       used 56477K, capacity 58592K, committed 58840K, reserved 1099776K
  class space    used 7620K, capacity 8107K, committed 8192K, reserved 1048576K
Event: 50.187 GC heap after
Heap after GC invocations=15 (full 2):
 PSYoungGen      total 194560K, used 17905K [0x00000000e0000000, 0x00000000eef80000, 0x0000000100000000)
  eden space 169984K, 0% used [0x00000000e0000000,0x00000000e0000000,0x00000000ea600000)
  from space 24576K, 72% used [0x00000000ea600000,0x00000000eb77c640,0x00000000ebe00000)
  to   space 25600K, 0% used [0x00000000ed680000,0x00000000ed680000,0x00000000eef80000)
 ParOldGen       total 106496K, used 31809K [0x00000000a0000000, 0x00000000a6800000, 0x00000000e0000000)
  object space 106496K, 29% used [0x00000000a0000000,0x00000000a1f107f0,0x00000000a6800000)
 Metaspace       used 56477K, capacity 58592K, committed 58840K, reserved 1099776K
  class space    used 7620K, capacity 8107K, committed 8192K, reserved 1048576K
}
Event: 53.168 GC heap before
{Heap before GC invocations=16 (full 2):
 PSYoungGen      total 194560K, used 118270K [0x00000000e0000000, 0x00000000eef80000, 0x0000000100000000)
  eden space 169984K, 59% used [0x00000000e0000000,0x00000000e62034c0,0x00000000ea600000)
  from space 24576K, 72% used [0x00000000ea600000,0x00000000eb77c640,0x00000000ebe00000)
  to   space 25600K, 0% used [0x00000000ed680000,0x00000000ed680000,0x00000000eef80000)
 ParOldGen       total 106496K, used 31809K [0x00000000a0000000, 0x00000000a6800000, 0x00000000e0000000)
  object space 106496K, 29% used [0x00000000a0000000,0x00000000a1f107f0,0x00000000a6800000)
 Metaspace       used 56835K, capacity 58962K, committed 59028K, reserved 1099776K
  class space    used 7672K, capacity 8182K, committed 8192K, reserved 1048576K
Event: 53.187 GC heap after
Heap after GC invocations=16 (full 2):
 PSYoungGen      total 218624K, used 15158K [0x00000000e0000000, 0x00000000eee80000, 0x0000000100000000)
  eden space 194048K, 0% used [0x00000000e0000000,0x00000000e0000000,0x00000000ebd80000)
  from space 24576K, 61% used [0x00000000ed680000,0x00000000ee54d888,0x00000000eee80000)
  to   space 25088K, 0% used [0x00000000ebd80000,0x00000000ebd80000,0x00000000ed600000)
 ParOldGen       total 106496K, used 31817K [0x00000000a0000000, 0x00000000a6800000, 0x00000000e0000000)
  object space 106496K, 29% used [0x00000000a0000000,0x00000000a1f127f0,0x00000000a6800000)
 Metaspace       used 56835K, capacity 58962K, committed 59028K, reserved 1099776K
  class space    used 7672K, capacity 8182K, committed 8192K, reserved 1048576K
}
Event: 53.187 GC heap before
{Heap before GC invocations=17 (full 3):
 PSYoungGen      total 218624K, used 15158K [0x00000000e0000000, 0x00000000eee80000, 0x0000000100000000)
  eden space 194048K, 0% used [0x00000000e0000000,0x00000000e0000000,0x00000000ebd80000)
  from space 24576K, 61% used [0x00000000ed680000,0x00000000ee54d888,0x00000000eee80000)
  to   space 25088K, 0% used [0x00000000ebd80000,0x00000000ebd80000,0x00000000ed600000)
 ParOldGen       total 106496K, used 31817K [0x00000000a0000000, 0x00000000a6800000, 0x00000000e0000000)
  object space 106496K, 29% used [0x00000000a0000000,0x00000000a1f127f0,0x00000000a6800000)
 Metaspace       used 56835K, capacity 58962K, committed 59028K, reserved 1099776K
  class space    used 7672K, capacity 8182K, committed 8192K, reserved 1048576K
Event: 53.378 GC heap after
Heap after GC invocations=17 (full 3):
 PSYoungGen      total 218624K, used 0K [0x00000000e0000000, 0x00000000eee80000, 0x0000000100000000)
  eden space 194048K, 0% used [0x00000000e0000000,0x00000000e0000000,0x00000000ebd80000)
  from space 24576K, 0% used [0x00000000ed680000,0x00000000ed680000,0x00000000eee80000)
  to   space 25088K, 0% used [0x00000000ebd80000,0x00000000ebd80000,0x00000000ed600000)
 ParOldGen       total 162304K, used 31522K [0x00000000a0000000, 0x00000000a9e80000, 0x00000000e0000000)
  object space 162304K, 19% used [0x00000000a0000000,0x00000000a1ec8b00,0x00000000a9e80000)
 Metaspace       used 56822K, capacity 58920K, committed 59028K, reserved 1099776K
  class space    used 7668K, capacity 8175K, committed 8192K, reserved 1048576K
}

Deoptimization events (10 events):
Event: 53.524 Thread 0x000000001ad3a000 Uncommon trap: reason=bimorphic action=maybe_recompile pc=0x0000000004b4e4cc method=java.io.ObjectOutputStream$BlockDataOutputStream.drain()V @ 36
Event: 53.524 Thread 0x000000001ad3a000 Uncommon trap: reason=bimorphic action=maybe_recompile pc=0x0000000004b4e4cc method=java.io.ObjectOutputStream$BlockDataOutputStream.drain()V @ 36
Event: 53.525 Thread 0x000000001ad3a000 Uncommon trap: reason=class_check action=maybe_recompile pc=0x0000000005c3b104 method=java.io.ObjectOutputStream.writeNonProxyDesc(Ljava/io/ObjectStreamClass;Z)V @ 44
Event: 53.526 Thread 0x000000001ad3a000 Uncommon trap: reason=unstable_if action=reinterpret pc=0x0000000005c3c1a4 method=java.io.ObjectOutputStream.writeClassDesc(Ljava/io/ObjectStreamClass;Z)V @ 41
Event: 53.526 Thread 0x000000001ad3a000 Uncommon trap: reason=unstable_if action=reinterpret pc=0x000000000559f40c method=java.lang.reflect.Proxy.isProxyClass(Ljava/lang/Class;)Z @ 6
Event: 53.532 Thread 0x000000001ad3a000 Uncommon trap: reason=unstable_if action=reinterpret pc=0x00000000051262ac method=java.io.ObjectOutputStream$HandleTable.assign(Ljava/lang/Object;)I @ 24
Event: 53.589 Thread 0x000000001feac000 Uncommon trap: reason=class_check action=maybe_recompile pc=0x0000000004e293d8 method=java.util.concurrent.locks.ReentrantLock.lock()V @ 4
Event: 53.591 Thread 0x000000001feb0000 Uncommon trap: reason=class_check action=maybe_recompile pc=0x0000000004e293d8 method=java.util.concurrent.locks.ReentrantLock.lock()V @ 4
Event: 53.637 Thread 0x000000001ad3a000 Uncommon trap: reason=unstable_if action=reinterpret pc=0x000000000519c99c method=sun.nio.fs.WindowsException.translateToIOException(Ljava/lang/String;Ljava/lang/String;)Ljava/io/IOException; @ 32
Event: 53.638 Thread 0x000000001ad3a000 Uncommon trap: reason=unstable_if action=reinterpret pc=0x0000000005c7c9dc method=sun.nio.fs.Util.followLinks([Ljava/nio/file/LinkOption;)Z @ 13

Classes redefined (0 events):
No events

Internal exceptions (10 events):
Event: 9.210 Thread 0x000000001feaf000 Exception <a 'java/lang/NoSuchMethodError': <clinit>> (0x00000000e2650c40) thrown at [D:\src\AOSP-openjdk-cygwin\jdk8u\hotspot\src\share\vm\prims\jni.cpp, line 1613]
Event: 9.746 Thread 0x000000001feb9000 Implicit null exception at 0x0000000005a76350 to 0x0000000005a765dd
Event: 11.443 Thread 0x000000001feb5000 Exception <a 'java/lang/NoSuchMethodError': java.lang.Object.lambda$negate$1(Ljava/lang/Object;)Z> (0x00000000e7c97638) thrown at [D:\src\AOSP-openjdk-cygwin\jdk8u\hotspot\src\share\vm\interpreter\linkResolver.cpp, line 584]
Event: 11.622 Thread 0x000000001feaf000 Exception <a 'java/lang/ClassNotFoundException': org/gradle/api/plugins/JavaPluginConventionBeanInfo> (0x00000000e7d7d8a0) thrown at [D:\src\AOSP-openjdk-cygwin\jdk8u\hotspot\src\share\vm\classfile\systemDictionary.cpp, line 210]
Event: 11.622 Thread 0x000000001feaf000 Exception <a 'java/lang/ClassNotFoundException': org/gradle/api/plugins/JavaPluginConventionCustomizer> (0x00000000e7db1720) thrown at [D:\src\AOSP-openjdk-cygwin\jdk8u\hotspot\src\share\vm\classfile\systemDictionary.cpp, line 210]
Event: 11.691 Thread 0x000000001feaf000 Exception <a 'java/lang/NoSuchMethodError': java.lang.Object.lambda$or$2(Ljava/util/function/Predicate;Ljava/lang/Object;)Z> (0x00000000e81bb7b8) thrown at [D:\src\AOSP-openjdk-cygwin\jdk8u\hotspot\src\share\vm\interpreter\linkResolver.cpp, line 584]
Event: 11.699 Thread 0x000000001feaf000 Exception <a 'java/lang/NoSuchMethodError': java.lang.Object.lambda$comparing$ea9a8b3a$1(Ljava/util/Comparator;Ljava/util/function/Function;Ljava/lang/Object;Ljava/lang/Object;)I> (0x00000000e8206f68) thrown at [D:\src\AOSP-openjdk-cygwin\jdk8u\hotspot\sr
Event: 53.076 Thread 0x000000001feb0800 Exception <a 'java/io/FileNotFoundException'> (0x00000000e5d44e20) thrown at [D:\src\AOSP-openjdk-cygwin\jdk8u\hotspot\src\share\vm\prims\jni.cpp, line 709]
Event: 53.090 Thread 0x000000001feaf000 Exception <a 'java/lang/IncompatibleClassChangeError': Found class java.lang.Object, but interface was expected> (0x00000000e5e40888) thrown at [D:\src\AOSP-openjdk-cygwin\jdk8u\hotspot\src\share\vm\interpreter\linkResolver.cpp, line 643]
Event: 53.637 Thread 0x000000001ad3a000 Exception <a 'sun/nio/fs/WindowsException'> (0x00000000e0f8aeb8) thrown at [D:\src\AOSP-openjdk-cygwin\jdk8u\hotspot\src\share\vm\prims\jni.cpp, line 709]

Events (10 events):
Event: 53.643 loading class com/google/protobuf/Utf8
Event: 53.643 loading class com/google/protobuf/Utf8 done
Event: 53.644 loading class com/google/protobuf/Utf8$Processor
Event: 53.644 loading class com/google/protobuf/Utf8$Processor done
Event: 53.644 loading class com/google/protobuf/Utf8$UnsafeProcessor
Event: 53.644 loading class com/google/protobuf/Utf8$UnsafeProcessor done
Event: 53.644 loading class com/google/protobuf/Utf8$SafeProcessor
Event: 53.644 loading class com/google/protobuf/Utf8$SafeProcessor done
Event: 53.719 loading class com/android/builder/profile/ChromeTracingProfileConverter
Event: 53.719 loading class com/android/builder/profile/ChromeTracingProfileConverter done


Dynamic libraries:
0x00007ff748cf0000 - 0x00007ff748d21000 	C:\Program Files\Android\Android Studio\jre\bin\java.exe
0x00007ffeb1cf0000 - 0x00007ffeb1ed0000 	C:\WINDOWS\SYSTEM32\ntdll.dll
0x00007ffeb1980000 - 0x00007ffeb1a2e000 	C:\WINDOWS\System32\KERNEL32.DLL
0x00007ffeae0f0000 - 0x00007ffeae356000 	C:\WINDOWS\System32\KERNELBASE.dll
0x00007ffeaf260000 - 0x00007ffeaf301000 	C:\WINDOWS\System32\ADVAPI32.dll
0x00007ffeb0f50000 - 0x00007ffeb0fed000 	C:\WINDOWS\System32\msvcrt.dll
0x00007ffeb0a90000 - 0x00007ffeb0aeb000 	C:\WINDOWS\System32\sechost.dll
0x00007ffeb1ba0000 - 0x00007ffeb1cbf000 	C:\WINDOWS\System32\RPCRT4.dll
0x00007ffeb0ff0000 - 0x00007ffeb117f000 	C:\WINDOWS\System32\USER32.dll
0x00007ffeaf0f0000 - 0x00007ffeaf110000 	C:\WINDOWS\System32\win32u.dll
0x00007ffeb16c0000 - 0x00007ffeb16e8000 	C:\WINDOWS\System32\GDI32.dll
0x00007ffeaeb30000 - 0x00007ffeaecc3000 	C:\WINDOWS\System32\gdi32full.dll
0x00007ffeaecd0000 - 0x00007ffeaed6b000 	C:\WINDOWS\System32\msvcp_win.dll
0x00007ffeaeff0000 - 0x00007ffeaf0e6000 	C:\WINDOWS\System32\ucrtbase.dll
0x00007ffe98e90000 - 0x00007ffe990f9000 	C:\WINDOWS\WinSxS\amd64_microsoft.windows.common-controls_6595b64144ccf1df_6.0.16299.192_none_15c8cdae9364c23b\COMCTL32.dll
0x00007ffeb1180000 - 0x00007ffeb1488000 	C:\WINDOWS\System32\combase.dll
0x00007ffeae360000 - 0x00007ffeae3d2000 	C:\WINDOWS\System32\bcryptPrimitives.dll
0x00007ffeb09c0000 - 0x00007ffeb09ed000 	C:\WINDOWS\System32\IMM32.DLL
0x0000000072670000 - 0x0000000072742000 	C:\Program Files\Android\Android Studio\jre\jre\bin\msvcr100.dll
0x0000000071720000 - 0x0000000071f5e000 	C:\Program Files\Android\Android Studio\jre\jre\bin\server\jvm.dll
0x00007ffeb0f40000 - 0x00007ffeb0f48000 	C:\WINDOWS\System32\PSAPI.DLL
0x00007ffea4770000 - 0x00007ffea4779000 	C:\WINDOWS\SYSTEM32\WSOCK32.dll
0x00007ffeb0a00000 - 0x00007ffeb0a6c000 	C:\WINDOWS\System32\WS2_32.dll
0x00007ffeac340000 - 0x00007ffeac363000 	C:\WINDOWS\SYSTEM32\WINMM.dll
0x00007ffea6730000 - 0x00007ffea673a000 	C:\WINDOWS\SYSTEM32\VERSION.dll
0x00007ffeac2e0000 - 0x00007ffeac30a000 	C:\WINDOWS\SYSTEM32\WINMMBASE.dll
0x00007ffeaf110000 - 0x00007ffeaf15a000 	C:\WINDOWS\System32\cfgmgr32.dll
0x00007ffeaadf0000 - 0x00007ffeaadff000 	C:\Program Files\Android\Android Studio\jre\jre\bin\verify.dll
0x00007ffe970f0000 - 0x00007ffe97119000 	C:\Program Files\Android\Android Studio\jre\jre\bin\java.dll
0x00007ffe970d0000 - 0x00007ffe970e6000 	C:\Program Files\Android\Android Studio\jre\jre\bin\zip.dll
0x00007ffeaf370000 - 0x00007ffeb07a6000 	C:\WINDOWS\System32\SHELL32.dll
0x00007ffeb16f0000 - 0x00007ffeb1796000 	C:\WINDOWS\System32\shcore.dll
0x00007ffeae3e0000 - 0x00007ffeaeb27000 	C:\WINDOWS\System32\windows.storage.dll
0x00007ffeb0950000 - 0x00007ffeb09a1000 	C:\WINDOWS\System32\shlwapi.dll
0x00007ffeae0d0000 - 0x00007ffeae0e1000 	C:\WINDOWS\System32\kernel.appcore.dll
0x00007ffeae060000 - 0x00007ffeae0ac000 	C:\WINDOWS\System32\powrprof.dll
0x00007ffeae0b0000 - 0x00007ffeae0cb000 	C:\WINDOWS\System32\profapi.dll
0x00007ffe970b0000 - 0x00007ffe970ca000 	C:\Program Files\Android\Android Studio\jre\jre\bin\net.dll
0x00007ffead870000 - 0x00007ffead8d6000 	C:\WINDOWS\system32\mswsock.dll
0x00007ffe97090000 - 0x00007ffe970a1000 	C:\Program Files\Android\Android Studio\jre\jre\bin\nio.dll
0x00007ffe95be0000 - 0x00007ffe95bfe000 	C:\Users\Konstantinos\.gradle\native\25\windows-amd64\native-platform.dll
0x00007ffea27e0000 - 0x00007ffea27ed000 	C:\Program Files\Android\Android Studio\jre\jre\bin\management.dll
0x00007ffeada90000 - 0x00007ffeadaa7000 	C:\WINDOWS\SYSTEM32\CRYPTSP.dll
0x00007ffead480000 - 0x00007ffead4b3000 	C:\WINDOWS\system32\rsaenh.dll
0x00007ffeadba0000 - 0x00007ffeadbc5000 	C:\WINDOWS\SYSTEM32\bcrypt.dll
0x00007ffeadf40000 - 0x00007ffeadf69000 	C:\WINDOWS\SYSTEM32\USERENV.dll
0x00007ffeadab0000 - 0x00007ffeadabb000 	C:\WINDOWS\SYSTEM32\CRYPTBASE.dll
0x00007ffead600000 - 0x00007ffead639000 	C:\WINDOWS\SYSTEM32\IPHLPAPI.DLL
0x00007ffeb09f0000 - 0x00007ffeb09f8000 	C:\WINDOWS\System32\NSI.dll
0x00007ffea9bd0000 - 0x00007ffea9be6000 	C:\WINDOWS\SYSTEM32\dhcpcsvc6.DLL
0x00007ffea9b30000 - 0x00007ffea9b4a000 	C:\WINDOWS\SYSTEM32\dhcpcsvc.DLL

VM Arguments:
jvm_args: -Xmx1536m -Dfile.encoding=windows-1253 -Duser.country=US -Duser.language=en -Duser.variant 
java_command: org.gradle.launcher.daemon.bootstrap.GradleDaemon 4.1
java_class_path (initial): C:\Users\Konstantinos\.gradle\wrapper\dists\gradle-4.1-all\bzyivzo6n839fup2jbap0tjew\gradle-4.1\lib\gradle-launcher-4.1.jar
Launcher Type: SUN_STANDARD

Environment Variables:
PATH=C:\ProgramData\Oracle\Java\javapath;C:\WINDOWS\system32;C:\WINDOWS;C:\WINDOWS\System32\Wbem;C:\WINDOWS\System32\WindowsPowerShell\v1.0\;C:\Program Files (x86)\AMD\ATI.ACE\Core-Static;C:\Program Files (x86)\ATI Technologies\ATI.ACE\Core-Static;C:\Program Files\nodejs\;C:\Program Files (x86)\Skype\Phone\;C:\Program Files\Git\cmd;C:\Program Files (x86)\Microsoft VS Code\bin;C:\Users\Konstantinos\AppData\Local\Microsoft\WindowsApps;C:\Users\Konstantinos\AppData\Roaming\npm;
USERNAME=Konstantinos
OS=Windows_NT
PROCESSOR_IDENTIFIER=Intel64 Family 6 Model 42 Stepping 7, GenuineIntel



---------------  S Y S T E M  ---------------

OS: Windows 10.0 , 64 bit Build 16299 (10.0.16299.15)

CPU:total 4 (initial active 4) (4 cores per cpu, 1 threads per core) family 6 model 42 stepping 7, cmov, cx8, fxsr, mmx, sse, sse2, sse3, ssse3, sse4.1, sse4.2, popcnt, avx, aes, clmul, tsc, tscinvbit

Memory: 4k page, physical 8303724k(1714580k free), swap 8303724k(4880k free)

vm_info: OpenJDK 64-Bit Server VM (25.152-b01) for windows-amd64 JRE (1.8.0_152-release-915-b01), built by "builder" with MS VC++ 10.0 (VS2010)

time: Sun Jan 07 13:12:33 2018
elapsed time: 53 seconds (0d 0h 0m 53s)

